<?xml version="1.0" encoding="UTF-8"?>
<!-- Generated by org.testng.reporters.JUnitXMLReporter -->
<testsuite ignored="0" hostname="DESKTOP-TBIFUQ1" failures="0" tests="16" name="Accounts Page Test" time="21.813" errors="0" timestamp="07 Jan 2024 10:22:42 GMT">
  <testcase classname="com.qa.opencart.base.BaseTest" name="@BeforeTest setup" time="11.193">
    <failure type="org.openqa.selenium.remote.NoSuchDriverException" message="Unable to obtain: Capabilities {acceptInsecureCerts: true, browserName: firefox, moz:debuggerAddress: true, moz:firefoxOptions: {}}, error Command failed with code: 65, executed: [--browser, firefox, --output, json]
request or response body error: error reading a body from connection: connection reset
Build info: version: &amp;apos;4.13.0&amp;apos;, revision: &amp;apos;ba948ece5b*&amp;apos;
System info: os.name: &amp;apos;Windows 10&amp;apos;, os.arch: &amp;apos;amd64&amp;apos;, os.version: &amp;apos;10.0&amp;apos;, java.version: &amp;apos;17.0.9&amp;apos;
Driver info: driver.version: FirefoxDriver">
      <![CDATA[org.openqa.selenium.remote.NoSuchDriverException: Unable to obtain: Capabilities {acceptInsecureCerts: true, browserName: firefox, moz:debuggerAddress: true, moz:firefoxOptions: {}}, error Command failed with code: 65, executed: [--browser, firefox, --output, json]
request or response body error: error reading a body from connection: connection reset
Build info: version: '4.13.0', revision: 'ba948ece5b*'
System info: os.name: 'Windows 10', os.arch: 'amd64', os.version: '10.0', java.version: '17.0.9'
Driver info: driver.version: FirefoxDriver
	at org.openqa.selenium.remote.service.DriverFinder.getPath(DriverFinder.java:25)
	at org.openqa.selenium.remote.service.DriverFinder.getPath(DriverFinder.java:13)
	at org.openqa.selenium.firefox.FirefoxDriver.generateExecutor(FirefoxDriver.java:141)
	at org.openqa.selenium.firefox.FirefoxDriver.<init>(FirefoxDriver.java:132)
	at org.openqa.selenium.firefox.FirefoxDriver.<init>(FirefoxDriver.java:127)
	at org.openqa.selenium.firefox.FirefoxDriver.<init>(FirefoxDriver.java:112)
	at org.openqa.selenium.firefox.FirefoxDriver.<init>(FirefoxDriver.java:102)
	at com.qa.opencart.factory.DriverFactory.initDriver(DriverFactory.java:60)
	at com.qa.opencart.base.BaseTest.setup(BaseTest.java:35)
	at java.base/jdk.internal.reflect.NativeMethodAccessorImpl.invoke0(Native Method)
	at java.base/jdk.internal.reflect.NativeMethodAccessorImpl.invoke(NativeMethodAccessorImpl.java:77)
	at java.base/jdk.internal.reflect.DelegatingMethodAccessorImpl.invoke(DelegatingMethodAccessorImpl.java:43)
	at java.base/java.lang.reflect.Method.invoke(Method.java:568)
	at org.testng.internal.MethodInvocationHelper.invokeMethod(MethodInvocationHelper.java:108)
	at org.testng.internal.Invoker.invokeConfigurationMethod(Invoker.java:523)
	at org.testng.internal.Invoker.invokeConfigurations(Invoker.java:224)
	at org.testng.internal.Invoker.invokeConfigurations(Invoker.java:146)
	at org.testng.TestRunner.beforeRun(TestRunner.java:626)
	at org.testng.TestRunner.run(TestRunner.java:594)
	at org.testng.SuiteRunner.runTest(SuiteRunner.java:380)
	at org.testng.SuiteRunner.access$000(SuiteRunner.java:39)
	at org.testng.SuiteRunner$SuiteWorker.run(SuiteRunner.java:414)
	at org.testng.internal.thread.ThreadUtil$1.call(ThreadUtil.java:52)
	at java.base/java.util.concurrent.FutureTask.run(FutureTask.java:264)
	at java.base/java.util.concurrent.ThreadPoolExecutor.runWorker(ThreadPoolExecutor.java:1136)
	at java.base/java.util.concurrent.ThreadPoolExecutor$Worker.run(ThreadPoolExecutor.java:635)
	at java.base/java.lang.Thread.run(Thread.java:840)
Caused by: org.openqa.selenium.WebDriverException: Command failed with code: 65, executed: [--browser, firefox, --output, json]
request or response body error: error reading a body from connection: connection reset
Build info: version: '4.13.0', revision: 'ba948ece5b*'
System info: os.name: 'Windows 10', os.arch: 'amd64', os.version: '10.0', java.version: '17.0.9'
Driver info: driver.version: FirefoxDriver
	at org.openqa.selenium.manager.SeleniumManager.runCommand(SeleniumManager.java:145)
	at org.openqa.selenium.manager.SeleniumManager.getDriverPath(SeleniumManager.java:302)
	at org.openqa.selenium.remote.service.DriverFinder.getPath(DriverFinder.java:22)
	... 26 more
]]>
    </failure>
  </testcase> <!-- @BeforeTest setup -->
  <testcase classname="com.qa.opencart.tests.AccountsPageTest" name="@BeforeClass accPageSetup" time="0.0">
    <skipped/>
  </testcase> <!-- @BeforeClass accPageSetup -->
  <testcase classname="com.qa.opencart.base.BaseTest" name="@AfterTest teardown" time="0.0">
    <skipped/>
  </testcase> <!-- @AfterTest teardown -->
  <testcase classname="com.qa.opencart.tests.AccountsPageTest" name="accPageHeadersCountTest" time="0.0">
    <skipped/>
  </testcase> <!-- accPageHeadersCountTest -->
  <testcase classname="com.qa.opencart.tests.AccountsPageTest" name="accPageHeadersValueTest" time="0.0">
    <skipped/>
  </testcase> <!-- accPageHeadersValueTest -->
  <testcase classname="com.qa.opencart.tests.AccountsPageTest" name="accPageTitleTest" time="0.0">
    <skipped/>
  </testcase> <!-- accPageTitleTest -->
  <testcase classname="com.qa.opencart.tests.AccountsPageTest" name="accPageURLTest" time="0.0">
    <skipped/>
  </testcase> <!-- accPageURLTest -->
  <testcase classname="com.qa.opencart.tests.AccountsPageTest" name="isLogoutLinkExistTest" time="0.0">
    <skipped/>
  </testcase> <!-- isLogoutLinkExistTest -->
  <testcase classname="com.qa.opencart.tests.AccountsPageTest" name="searchProductCountTest" time="0.0">
    <skipped/>
  </testcase> <!-- searchProductCountTest -->
  <testcase classname="com.qa.opencart.tests.AccountsPageTest" name="searchProductCountTest" time="0.0">
    <skipped/>
  </testcase> <!-- searchProductCountTest -->
  <testcase classname="com.qa.opencart.tests.AccountsPageTest" name="searchProductCountTest" time="0.0">
    <skipped/>
  </testcase> <!-- searchProductCountTest -->
  <testcase classname="com.qa.opencart.tests.AccountsPageTest" name="searchProductCountTest" time="0.0">
    <skipped/>
  </testcase> <!-- searchProductCountTest -->
  <testcase classname="com.qa.opencart.tests.AccountsPageTest" name="searchProductCountTest" time="0.0">
    <skipped/>
  </testcase> <!-- searchProductCountTest -->
  <testcase classname="com.qa.opencart.tests.AccountsPageTest" name="searchProductTest" time="0.0">
    <skipped/>
  </testcase> <!-- searchProductTest -->
  <testcase classname="com.qa.opencart.tests.AccountsPageTest" name="searchProductTest" time="0.0">
    <skipped/>
  </testcase> <!-- searchProductTest -->
  <testcase classname="com.qa.opencart.tests.AccountsPageTest" name="searchProductTest" time="0.0">
    <skipped/>
  </testcase> <!-- searchProductTest -->
  <testcase classname="com.qa.opencart.tests.AccountsPageTest" name="searchProductTest" time="0.0">
    <skipped/>
  </testcase> <!-- searchProductTest -->
  <testcase classname="com.qa.opencart.tests.AccountsPageTest" name="searchProductTest" time="0.0">
    <skipped/>
  </testcase> <!-- searchProductTest -->
  <testcase classname="com.qa.opencart.tests.AccountsPageTest" name="searchProductTest" time="0.0">
    <skipped/>
  </testcase> <!-- searchProductTest -->
</testsuite> <!-- Accounts Page Test -->
